  C:\Users\1661026\Documents\C63_DEMO_ED\C63Demo-Ed\\build\raylib\bin\x64\Debug\raylib.idb
  C:\Users\1661026\Documents\C63_DEMO_ED\C63Demo-Ed\\build\raylib\bin\x64\Debug\raylib.lib
  C:\Users\1661026\Documents\C63_DEMO_ED\C63Demo-Ed\\build\raylib\bin\x64\Debug\raylib.pdb
          3 fichier(s) copié(s).
  exercise-dessin-ed.cpp
raylib.lib(rcore.obj) : error LNK2019: symbole externe non résolu __imp_timeBeginPeriod référencé dans la fonction InitTimer
raylib.lib(rcore.obj) : error LNK2019: symbole externe non résolu __imp_timeEndPeriod référencé dans la fonction ClosePlatform
C:\Users\1661026\Documents\C63_DEMO_ED\C63Demo-Ed\x64\Debug\exercise-dessin-ed.exe : fatal error LNK1120: 2 externes non résolus
